<?xml version="1.0" encoding="UTF-8"?>
<!-- Generated by org.testng.reporters.JUnitXMLReporter -->
<testsuite ignored="0" hostname="DESKTOP-FEV99MM" failures="1" tests="11" name="Surefire test" time="234.205" errors="0" timestamp="2023-05-04T20:04:49 PKT">
  <testcase classname="com.tutorialninja.qa.testcases.LoginTest" name="VerifyLoginValid" time="5.953"/>
  <testcase classname="com.tutorialninja.qa.testcases.LoginTest" name="VerifyLoginValid" time="1.322"/>
  <testcase classname="com.tutorialninja.qa.testcases.LoginTest" name="VerifyLoginValid" time="1.303"/>
  <testcase classname="com.tutorialninja.qa.testcases.LoginTest" name="InvalidLogin" time="1.868"/>
  <testcase classname="com.tutorialninja.qa.testcases.RegisterTest" name="RegisterWithMandatoryFeilds" time="2.185"/>
  <testcase classname="com.tutorialninja.qa.testcases.RegisterTest" name="RegusterWithRadiobutton" time="2.968"/>
  <testcase classname="com.tutorialninja.qa.testcases.RegisterTest" name="DuplicateEmail" time="2.399"/>
  <testcase classname="com.tutorialninja.qa.testcases.RegisterTest" name="RegisterWithFieldEmpty" time="0.847"/>
  <testcase classname="com.tutorialninja.qa.testcases.SearchTest" name="searchValid" time="1.164"/>
  <testcase classname="com.tutorialninja.qa.testcases.SearchTest" name="searchInvalid" time="10.998">
    <failure type="org.openqa.selenium.NoSuchElementException" message="Unable to locate element: //p[contains(text(),&amp;apos;There is no product that matches the search criteriaabc.&amp;apos;)]
For documentation on this error, please visit: https://selenium.dev/exceptions/#no_such_element
Build info: version: &amp;apos;4.9.0&amp;apos;, revision: &amp;apos;d7057100a6&amp;apos;
System info: os.name: &amp;apos;Windows 10&amp;apos;, os.arch: &amp;apos;amd64&amp;apos;, os.version: &amp;apos;10.0&amp;apos;, java.version: &amp;apos;19.0.2&amp;apos;
Driver info: org.openqa.selenium.firefox.FirefoxDriver
Command: [ff1ba4ce-ca0c-40b0-8b89-46f05642a191, findElement {using=xpath, value=//p[contains(text(),&amp;apos;There is no product that matches the search criteriaabc.&amp;apos;)]}]
Capabilities {acceptInsecureCerts: true, browserName: firefox, browserVersion: 112.0.2, moz:accessibilityChecks: false, moz:buildID: 20230424110519, moz:debuggerAddress: 127.0.0.1:5608, moz:geckodriverVersion: 0.33.0, moz:headless: false, moz:platformVersion: 10.0, moz:processID: 404, moz:profile: C:\Users\DELL\AppData\Local..., moz:shutdownTimeout: 60000, moz:useNonSpecCompliantPointerOrigin: false, moz:webdriverClick: true, moz:windowless: false, pageLoadStrategy: normal, platformName: WINDOWS, proxy: Proxy(), se:cdp: ws://127.0.0.1:5608/devtool..., se:cdpVersion: 85.0, setWindowRect: true, strictFileInteractability: false, timeouts: {implicit: 0, pageLoad: 300000, script: 30000}, unhandledPromptBehavior: dismiss and notify}
Session ID: ff1ba4ce-ca0c-40b0-8b89-46f05642a191">
      <![CDATA[org.openqa.selenium.NoSuchElementException: Unable to locate element: //p[contains(text(),'There is no product that matches the search criteriaabc.')]
For documentation on this error, please visit: https://selenium.dev/exceptions/#no_such_element
Build info: version: '4.9.0', revision: 'd7057100a6'
System info: os.name: 'Windows 10', os.arch: 'amd64', os.version: '10.0', java.version: '19.0.2'
Driver info: org.openqa.selenium.firefox.FirefoxDriver
Command: [ff1ba4ce-ca0c-40b0-8b89-46f05642a191, findElement {using=xpath, value=//p[contains(text(),'There is no product that matches the search criteriaabc.')]}]
Capabilities {acceptInsecureCerts: true, browserName: firefox, browserVersion: 112.0.2, moz:accessibilityChecks: false, moz:buildID: 20230424110519, moz:debuggerAddress: 127.0.0.1:5608, moz:geckodriverVersion: 0.33.0, moz:headless: false, moz:platformVersion: 10.0, moz:processID: 404, moz:profile: C:\Users\DELL\AppData\Local..., moz:shutdownTimeout: 60000, moz:useNonSpecCompliantPointerOrigin: false, moz:webdriverClick: true, moz:windowless: false, pageLoadStrategy: normal, platformName: WINDOWS, proxy: Proxy(), se:cdp: ws://127.0.0.1:5608/devtool..., se:cdpVersion: 85.0, setWindowRect: true, strictFileInteractability: false, timeouts: {implicit: 0, pageLoad: 300000, script: 30000}, unhandledPromptBehavior: dismiss and notify}
Session ID: ff1ba4ce-ca0c-40b0-8b89-46f05642a191
at org.openqa.selenium.remote.codec.w3c.W3CHttpResponseCodec.createException(W3CHttpResponseCodec.java:200)
at org.openqa.selenium.remote.codec.w3c.W3CHttpResponseCodec.decode(W3CHttpResponseCodec.java:133)
at org.openqa.selenium.remote.codec.w3c.W3CHttpResponseCodec.decode(W3CHttpResponseCodec.java:53)
at org.openqa.selenium.remote.HttpCommandExecutor.execute(HttpCommandExecutor.java:193)
at org.openqa.selenium.remote.service.DriverCommandExecutor.invokeExecute(DriverCommandExecutor.java:183)
at org.openqa.selenium.remote.service.DriverCommandExecutor.execute(DriverCommandExecutor.java:158)
at org.openqa.selenium.remote.RemoteWebDriver.execute(RemoteWebDriver.java:543)
at org.openqa.selenium.remote.ElementLocation$ElementFinder$2.findElement(ElementLocation.java:162)
at org.openqa.selenium.remote.ElementLocation.findElement(ElementLocation.java:60)
at org.openqa.selenium.remote.RemoteWebDriver.findElement(RemoteWebDriver.java:352)
at org.openqa.selenium.remote.RemoteWebDriver.findElement(RemoteWebDriver.java:344)
at com.tutorialninja.qa.testcases.SearchTest.searchInvalid(SearchTest.java:41)
at java.base/java.util.ArrayList.forEach(ArrayList.java:1511)
... Removed 33 stack frames]]>
    </failure>
  </testcase> <!-- searchInvalid -->
  <testcase classname="com.tutorialninja.qa.testcases.SearchTest" name="searchempty" time="0.0">
    <skipped/>
  </testcase> <!-- searchempty -->
</testsuite> <!-- Surefire test -->
